    Checking libc v0.2.180
   Compiling serde_core v1.0.228
   Compiling cpufeatures v0.2.17
    Checking once_cell v1.21.3
    Checking dyn-clone v1.0.20
    Checking arbitrary v1.3.2
   Compiling thiserror v1.0.69
    Checking bitflags v2.11.0
   Compiling sha2 v0.10.9
    Checking fastrand v2.3.0
    Checking ahash v0.8.12
    Checking dtor v0.1.1
    Checking hashbrown v0.13.2
    Checking bit-vec v0.8.0
    Checking getrandom v0.2.17
    Checking getrandom v0.3.4
    Checking keccak v0.1.5
    Checking rand_core v0.9.5
    Checking rand_core v0.6.4
    Checking errno v0.3.14
    Checking getrandom v0.4.2
    Checking wait-timeout v0.2.1
    Checking sha3 v0.10.8
    Checking rand_chacha v0.3.1
    Checking ff v0.13.1
    Checking crypto-bigint v0.5.5
    Checking signature v2.2.0
    Checking rustix v1.1.3
    Checking rand v0.8.5
    Checking group v0.13.0
    Checking ed25519 v2.2.3
    Checking quick-error v1.2.3
    Checking fnv v1.0.7
    Checking rand v0.9.2
    Checking ed25519-dalek v2.2.0
    Checking rand_xorshift v0.4.0
    Checking rand_chacha v0.9.0
    Checking bit-set v0.8.0
    Checking ctor v0.5.0
    Checking unarray v0.1.4
    Checking regex-syntax v0.8.10
    Checking ark-std v0.4.0
    Checking ark-serialize v0.4.2
    Checking tempfile v3.25.0
    Checking ark-ff v0.4.2
    Checking elliptic-curve v0.13.8
    Checking rusty-fork v0.3.1
    Checking serde v1.0.228
    Checking serde_json v1.0.149
    Checking ecdsa v0.16.9
    Checking primeorder v0.13.6
    Checking hex v0.4.3
    Checking p256 v0.13.2
    Checking k256 v0.13.4
    Checking schemars v0.8.22
    Checking proptest v1.11.0
   Compiling crate-git-revision v0.0.6
    Checking serde_with v3.16.1
   Compiling stellar-strkey v0.0.13
   Compiling stellar-xdr v23.0.0
   Compiling soroban-env-common v23.0.1
   Compiling soroban-sdk v23.4.1
    Checking ark-poly v0.4.2
    Checking ark-ec v0.4.2
    Checking ark-bls12-381 v0.4.0
   Compiling soroban-spec v23.4.1
   Compiling soroban-spec-rust v23.4.1
   Compiling soroban-env-macros v23.0.1
   Compiling soroban-sdk-macros v23.4.1
    Checking soroban-env-host v23.0.1
    Checking soroban-ledger-snapshot v23.4.1
    Checking fluxapay v0.0.0 (/Users/admin/Desktop/fluxapay_contract/fluxapay)
error[E0428]: the name `test_create_payment_idempotency_retry_returns_same_payment` is defined multiple times
    --> fluxapay/src/test.rs:1737:1
     |
1692 | fn test_create_payment_idempotency_retry_returns_same_payment() {
     | --------------------------------------------------------------- previous definition of the value `test_create_payment_idempotency_retry_returns_same_payment` here
...
1737 | fn test_create_payment_idempotency_retry_returns_same_payment() {
     | ^^^^^^^^^^^^^^^^^^^^^^^^^^^^^^^^^^^^^^^^^^^^^^^^^^^^^^^^^^^^^^^ `test_create_payment_idempotency_retry_returns_same_payment` redefined here
     |
     = note: `test_create_payment_idempotency_retry_returns_same_payment` must be defined only once in the value namespace of this module

warning: unused import: `vec`
 --> fluxapay/src/dex_router.rs:1:62
  |
1 | use soroban_sdk::{contract, contractimpl, Address, Env, Vec, vec};
  |                                                              ^^^
  |
  = note: `#[warn(unused_imports)]` (part of `#[warn(unused)]`) on by default

warning: unused import: `crate::PAYMENT_TOLERANCE`
 --> fluxapay/src/payment_link.rs:6:5
  |
6 | use crate::PAYMENT_TOLERANCE;
  |     ^^^^^^^^^^^^^^^^^^^^^^^^

warning: unused import: `String`
 --> fluxapay/src/proptests.rs:5:27
  |
5 |     Address, BytesN, Env, String, Symbol,
  |                           ^^^^^^

warning: unused imports: `PauseInfo` and `PauseState`
 --> fluxapay/src/pause_test.rs:4:48
  |
4 |     CreatePaymentArgs, PaymentProcessorClient, PauseInfo, PauseState,
  |                                                ^^^^^^^^^  ^^^^^^^^^^

error[E0061]: this method takes 6 arguments but 5 arguments were supplied
   --> fluxapay/src/auth_test.rs:119:21
    |
119 |       merchant_client.register_merchant(
    |  _____________________^^^^^^^^^^^^^^^^^-
120 | |         &merchant,
121 | |         &String::from_str(&env, "M"),
122 | |         &String::from_str(&env, "USD"),
123 | |         &None::<Address>,
124 | |         &None::<String>,
125 | |     );
    | |_____- argument #6 of type `&core::option::Option<FeeConfig>` is missing
    |
note: method defined here
   --> fluxapay/src/merchant_registry.rs:91:12
    |
 91 |     pub fn register_merchant(
    |            ^^^^^^^^^^^^^^^^^
...
 98 |         fee_config: Option<FeeConfig>,
    |         -----------------------------
help: provide the argument
    |
119 |     merchant_client.register_merchant(
...
124 |         &None::<String>,
125 ~         /* &core::option::Option<FeeConfig> */,
126 ~     );
    |

error[E0061]: this method takes 6 arguments but 5 arguments were supplied
  --> fluxapay/src/integration_test.rs:52:21
   |
52 |       merchant_client.register_merchant(
   |  _____________________^^^^^^^^^^^^^^^^^-
53 | |         &merchant,
54 | |         &String::from_str(&env, "Flux Merchant"),
55 | |         &String::from_str(&env, "USD"),
56 | |         &None::<Address>,
57 | |         &None::<String>,
58 | |     );
   | |_____- argument #6 of type `&core::option::Option<FeeConfig>` is missing
   |
note: method defined here
  --> fluxapay/src/merchant_registry.rs:91:12
   |
91 |     pub fn register_merchant(
   |            ^^^^^^^^^^^^^^^^^
...
98 |         fee_config: Option<FeeConfig>,
   |         -----------------------------
help: provide the argument
   |
52 |     merchant_client.register_merchant(
...
57 |         &None::<String>,
58 ~         /* &core::option::Option<FeeConfig> */,
59 ~     );
   |

error[E0277]: the trait bound `soroban_sdk::xdr::ScVal: TryFrom<&core::option::Option<FeeConfig>>` is not satisfied
  --> fluxapay/src/merchant_registry.rs:31:1
   |
31 | #[contracttype]
   | ^^^^^^^^^^^^^^^ the trait `From<FeeConfig>` is not implemented for `soroban_sdk::xdr::ScVal`
   |
   = help: the following other types implement trait `From<T>`:
             `&soroban_sdk::xdr::ScVal` implements `From<soroban_env_common::object::ScValObjRef<'_>>`
             `soroban_sdk::xdr::ScVal` implements `From<&()>`
             `soroban_sdk::xdr::ScVal` implements `From<&Fp2>`
             `soroban_sdk::xdr::ScVal` implements `From<&Fp>`
             `soroban_sdk::xdr::ScVal` implements `From<&Fr>`
             `soroban_sdk::xdr::ScVal` implements `From<&G1Affine>`
             `soroban_sdk::xdr::ScVal` implements `From<&G2Affine>`
             `soroban_sdk::xdr::ScVal` implements `From<&bool>`
           and 48 others
   = note: required for `FeeConfig` to implement `Into<soroban_sdk::xdr::ScVal>`
   = note: required for `soroban_sdk::xdr::ScVal` to implement `From<&core::option::Option<FeeConfig>>`
   = note: 1 redundant requirement hidden
   = note: required for `&core::option::Option<FeeConfig>` to implement `Into<soroban_sdk::xdr::ScVal>`
   = note: required for `soroban_sdk::xdr::ScVal` to implement `TryFrom<&core::option::Option<FeeConfig>>`
   = note: required for `&core::option::Option<FeeConfig>` to implement `TryInto<soroban_sdk::xdr::ScVal>`
   = note: this error originates in the attribute macro `contracttype` (in Nightly builds, run with -Z macro-backtrace for more info)

error[E0061]: this method takes 6 arguments but 5 arguments were supplied
  --> fluxapay/src/merchant_registry_test.rs:19:12
   |
19 |       client.register_merchant(
   |  ____________^^^^^^^^^^^^^^^^^-
20 | |         &merchant_id,
21 | |         &business_name,
22 | |         &settlement_currency,
23 | |         &Some(payout_addr.clone()),
24 | |         &Some(String::from_str(&env, "BANK-001")),
25 | |     );
   | |_____- argument #6 of type `&core::option::Option<FeeConfig>` is missing
   |
note: method defined here
  --> fluxapay/src/merchant_registry.rs:91:12
   |
91 |     pub fn register_merchant(
   |            ^^^^^^^^^^^^^^^^^
...
98 |         fee_config: Option<FeeConfig>,
   |         -----------------------------
help: provide the argument
   |
19 |     client.register_merchant(
...
24 |         &Some(String::from_str(&env, "BANK-001")),
25 ~         /* &core::option::Option<FeeConfig> */,
26 ~     );
   |

error[E0061]: this method takes 6 arguments but 5 arguments were supplied
  --> fluxapay/src/merchant_registry_test.rs:55:12
   |
55 |       client.register_merchant(
   |  ____________^^^^^^^^^^^^^^^^^-
56 | |         &merchant_id,
57 | |         &business_name,
58 | |         &settlement_currency,
59 | |         &None,
60 | |         &None,
61 | |     );
   | |_____- argument #6 of type `&core::option::Option<FeeConfig>` is missing
   |
note: method defined here
  --> fluxapay/src/merchant_registry.rs:91:12
   |
91 |     pub fn register_merchant(
   |            ^^^^^^^^^^^^^^^^^
...
98 |         fee_config: Option<FeeConfig>,
   |         -----------------------------
help: provide the argument
   |
55 |     client.register_merchant(
...
60 |         &None,
61 ~         /* &core::option::Option<FeeConfig> */,
62 ~     );
   |

error[E0061]: this method takes 7 arguments but 6 arguments were supplied
   --> fluxapay/src/merchant_registry_test.rs:67:12
    |
 67 |       client.update_merchant(
    |  ____________^^^^^^^^^^^^^^^-
 68 | |         &merchant_id,
 69 | |         &Some(new_name.clone()),
 70 | |         &Some(new_currency.clone()),
...   |
 73 | |         &Some(String::from_str(&env, "BANK-002")),
 74 | |     );
    | |_____- argument #7 of type `&core::option::Option<FeeConfig>` is missing
    |
note: method defined here
   --> fluxapay/src/merchant_registry.rs:134:12
    |
134 |     pub fn update_merchant(
    |            ^^^^^^^^^^^^^^^
...
142 |         fee_config: Option<FeeConfig>,
    |         -----------------------------
help: provide the argument
    |
 67 |     client.update_merchant(
...
 73 |         &Some(String::from_str(&env, "BANK-002")),
 74 ~         /* &core::option::Option<FeeConfig> */,
 75 ~     );
    |

error[E0061]: this method takes 6 arguments but 5 arguments were supplied
   --> fluxapay/src/merchant_registry_test.rs:101:12
    |
101 |       client.register_merchant(
    |  ____________^^^^^^^^^^^^^^^^^-
102 | |         &merchant_id,
103 | |         &String::from_str(&env, "Merchant"),
104 | |         &String::from_str(&env, "USDC"),
105 | |         &None,
106 | |         &None,
107 | |     );
    | |_____- argument #6 of type `&core::option::Option<FeeConfig>` is missing
    |
note: method defined here
   --> fluxapay/src/merchant_registry.rs:91:12
    |
 91 |     pub fn register_merchant(
    |            ^^^^^^^^^^^^^^^^^
...
 98 |         fee_config: Option<FeeConfig>,
    |         -----------------------------
help: provide the argument
    |
101 |     client.register_merchant(
...
106 |         &None,
107 ~         /* &core::option::Option<FeeConfig> */,
108 ~     );
    |

error[E0061]: this method takes 6 arguments but 5 arguments were supplied
   --> fluxapay/src/merchant_registry_test.rs:131:12
    |
131 |       client.register_merchant(
    |  ____________^^^^^^^^^^^^^^^^^-
132 | |         &merchant_id,
133 | |         &String::from_str(&env, "Merchant"),
134 | |         &String::from_str(&env, "USDC"),
135 | |         &None,
136 | |         &None,
137 | |     );
    | |_____- argument #6 of type `&core::option::Option<FeeConfig>` is missing
    |
note: method defined here
   --> fluxapay/src/merchant_registry.rs:91:12
    |
 91 |     pub fn register_merchant(
    |            ^^^^^^^^^^^^^^^^^
...
 98 |         fee_config: Option<FeeConfig>,
    |         -----------------------------
help: provide the argument
    |
131 |     client.register_merchant(
...
136 |         &None,
137 ~         /* &core::option::Option<FeeConfig> */,
138 ~     );
    |

error[E0061]: this method takes 6 arguments but 5 arguments were supplied
   --> fluxapay/src/merchant_registry_test.rs:155:12
    |
155 |       client.register_merchant(
    |  ____________^^^^^^^^^^^^^^^^^-
156 | |         &merchant_id,
157 | |         &String::from_str(&env, "BigCorp"),
158 | |         &String::from_str(&env, "USDC"),
159 | |         &None::<Address>,
160 | |         &None::<String>,
161 | |     );
    | |_____- argument #6 of type `&core::option::Option<FeeConfig>` is missing
    |
note: method defined here
   --> fluxapay/src/merchant_registry.rs:91:12
    |
 91 |     pub fn register_merchant(
    |            ^^^^^^^^^^^^^^^^^
...
 98 |         fee_config: Option<FeeConfig>,
    |         -----------------------------
help: provide the argument
    |
155 |     client.register_merchant(
...
160 |         &None::<String>,
161 ~         /* &core::option::Option<FeeConfig> */,
162 ~     );
    |

error[E0061]: this method takes 6 arguments but 5 arguments were supplied
   --> fluxapay/src/merchant_registry_test.rs:188:12
    |
188 |       client.register_merchant(
    |  ____________^^^^^^^^^^^^^^^^^-
189 | |         &merchant_id,
190 | |         &String::from_str(&env, "Merchant"),
191 | |         &String::from_str(&env, "USDC"),
192 | |         &None,
193 | |         &None,
194 | |     );
    | |_____- argument #6 of type `&core::option::Option<FeeConfig>` is missing
    |
note: method defined here
   --> fluxapay/src/merchant_registry.rs:91:12
    |
 91 |     pub fn register_merchant(
    |            ^^^^^^^^^^^^^^^^^
...
 98 |         fee_config: Option<FeeConfig>,
    |         -----------------------------
help: provide the argument
    |
188 |     client.register_merchant(
...
193 |         &None,
194 ~         /* &core::option::Option<FeeConfig> */,
195 ~     );
    |

error[E0061]: this method takes 6 arguments but 5 arguments were supplied
   --> fluxapay/src/merchant_registry_test.rs:216:12
    |
216 |       client.register_merchant(
    |  ____________^^^^^^^^^^^^^^^^^-
217 | |         &merchant1,
218 | |         &String::from_str(&env, "Merchant 1"),
219 | |         &String::from_str(&env, "USDC"),
220 | |         &None,
221 | |         &None,
222 | |     );
    | |_____- argument #6 of type `&core::option::Option<FeeConfig>` is missing
    |
note: method defined here
   --> fluxapay/src/merchant_registry.rs:91:12
    |
 91 |     pub fn register_merchant(
    |            ^^^^^^^^^^^^^^^^^
...
 98 |         fee_config: Option<FeeConfig>,
    |         -----------------------------
help: provide the argument
    |
216 |     client.register_merchant(
...
221 |         &None,
222 ~         /* &core::option::Option<FeeConfig> */,
223 ~     );
    |

error[E0061]: this method takes 6 arguments but 5 arguments were supplied
   --> fluxapay/src/merchant_registry_test.rs:223:12
    |
223 |       client.register_merchant(
    |  ____________^^^^^^^^^^^^^^^^^-
224 | |         &merchant2,
225 | |         &String::from_str(&env, "Merchant 2"),
226 | |         &String::from_str(&env, "USDC"),
227 | |         &None,
228 | |         &None,
229 | |     );
    | |_____- argument #6 of type `&core::option::Option<FeeConfig>` is missing
    |
note: method defined here
   --> fluxapay/src/merchant_registry.rs:91:12
    |
 91 |     pub fn register_merchant(
    |            ^^^^^^^^^^^^^^^^^
...
 98 |         fee_config: Option<FeeConfig>,
    |         -----------------------------
help: provide the argument
    |
223 |     client.register_merchant(
...
228 |         &None,
229 ~         /* &core::option::Option<FeeConfig> */,
230 ~     );
    |

error[E0061]: this method takes 6 arguments but 5 arguments were supplied
   --> fluxapay/src/merchant_registry_test.rs:230:12
    |
230 |       client.register_merchant(
    |  ____________^^^^^^^^^^^^^^^^^-
231 | |         &merchant3,
232 | |         &String::from_str(&env, "Merchant 3"),
233 | |         &String::from_str(&env, "USDC"),
234 | |         &None,
235 | |         &None,
236 | |     );
    | |_____- argument #6 of type `&core::option::Option<FeeConfig>` is missing
    |
note: method defined here
   --> fluxapay/src/merchant_registry.rs:91:12
    |
 91 |     pub fn register_merchant(
    |            ^^^^^^^^^^^^^^^^^
...
 98 |         fee_config: Option<FeeConfig>,
    |         -----------------------------
help: provide the argument
    |
230 |     client.register_merchant(
...
235 |         &None,
236 ~         /* &core::option::Option<FeeConfig> */,
237 ~     );
    |

error[E0061]: this method takes 6 arguments but 5 arguments were supplied
   --> fluxapay/src/merchant_registry_test.rs:266:12
    |
266 |       client.register_merchant(
    |  ____________^^^^^^^^^^^^^^^^^-
267 | |         &merchant1,
268 | |         &String::from_str(&env, "Merchant 1"),
269 | |         &String::from_str(&env, "USDC"),
270 | |         &None,
271 | |         &None,
272 | |     );
    | |_____- argument #6 of type `&core::option::Option<FeeConfig>` is missing
    |
note: method defined here
   --> fluxapay/src/merchant_registry.rs:91:12
    |
 91 |     pub fn register_merchant(
    |            ^^^^^^^^^^^^^^^^^
...
 98 |         fee_config: Option<FeeConfig>,
    |         -----------------------------
help: provide the argument
    |
266 |     client.register_merchant(
...
271 |         &None,
272 ~         /* &core::option::Option<FeeConfig> */,
273 ~     );
    |

error[E0061]: this method takes 6 arguments but 5 arguments were supplied
   --> fluxapay/src/merchant_registry_test.rs:273:12
    |
273 |       client.register_merchant(
    |  ____________^^^^^^^^^^^^^^^^^-
274 | |         &merchant2,
275 | |         &String::from_str(&env, "Merchant 2"),
276 | |         &String::from_str(&env, "USDC"),
277 | |         &None,
278 | |         &None,
279 | |     );
    | |_____- argument #6 of type `&core::option::Option<FeeConfig>` is missing
    |
note: method defined here
   --> fluxapay/src/merchant_registry.rs:91:12
    |
 91 |     pub fn register_merchant(
    |            ^^^^^^^^^^^^^^^^^
...
 98 |         fee_config: Option<FeeConfig>,
    |         -----------------------------
help: provide the argument
    |
273 |     client.register_merchant(
...
278 |         &None,
279 ~         /* &core::option::Option<FeeConfig> */,
280 ~     );
    |

error[E0061]: this method takes 6 arguments but 5 arguments were supplied
   --> fluxapay/src/merchant_registry_test.rs:280:12
    |
280 |       client.register_merchant(
    |  ____________^^^^^^^^^^^^^^^^^-
281 | |         &merchant3,
282 | |         &String::from_str(&env, "Merchant 3"),
283 | |         &String::from_str(&env, "USDC"),
284 | |         &None,
285 | |         &None,
286 | |     );
    | |_____- argument #6 of type `&core::option::Option<FeeConfig>` is missing
    |
note: method defined here
   --> fluxapay/src/merchant_registry.rs:91:12
    |
 91 |     pub fn register_merchant(
    |            ^^^^^^^^^^^^^^^^^
...
 98 |         fee_config: Option<FeeConfig>,
    |         -----------------------------
help: provide the argument
    |
280 |     client.register_merchant(
...
285 |         &None,
286 ~         /* &core::option::Option<FeeConfig> */,
287 ~     );
    |

error[E0061]: this method takes 6 arguments but 5 arguments were supplied
   --> fluxapay/src/merchant_registry_test.rs:325:21
    |
325 |       merchant_client.register_merchant(
    |  _____________________^^^^^^^^^^^^^^^^^-
326 | |         &merchant,
327 | |         &String::from_str(&env, "Unverified Merchant"),
328 | |         &String::from_str(&env, "USDC"),
329 | |         &None,
330 | |         &None,
331 | |     );
    | |_____- argument #6 of type `&core::option::Option<FeeConfig>` is missing
    |
note: method defined here
   --> fluxapay/src/merchant_registry.rs:91:12
    |
 91 |     pub fn register_merchant(
    |            ^^^^^^^^^^^^^^^^^
...
 98 |         fee_config: Option<FeeConfig>,
    |         -----------------------------
help: provide the argument
    |
325 |     merchant_client.register_merchant(
...
330 |         &None,
331 ~         /* &core::option::Option<FeeConfig> */,
332 ~     );
    |

error[E0061]: this method takes 6 arguments but 5 arguments were supplied
   --> fluxapay/src/merchant_registry_test.rs:381:21
    |
381 |       merchant_client.register_merchant(
    |  _____________________^^^^^^^^^^^^^^^^^-
382 | |         &merchant,
383 | |         &String::from_str(&env, "Verified Merchant"),
384 | |         &String::from_str(&env, "USDC"),
385 | |         &None,
386 | |         &None,
387 | |     );
    | |_____- argument #6 of type `&core::option::Option<FeeConfig>` is missing
    |
note: method defined here
   --> fluxapay/src/merchant_registry.rs:91:12
    |
 91 |     pub fn register_merchant(
    |            ^^^^^^^^^^^^^^^^^
...
 98 |         fee_config: Option<FeeConfig>,
    |         -----------------------------
help: provide the argument
    |
381 |     merchant_client.register_merchant(
...
386 |         &None,
387 ~         /* &core::option::Option<FeeConfig> */,
388 ~     );
    |

error[E0061]: this method takes 6 arguments but 5 arguments were supplied
   --> fluxapay/src/merchant_registry_test.rs:430:12
    |
430 |       client.register_merchant(
    |  ____________^^^^^^^^^^^^^^^^^-
431 | |         &merchant_id,
432 | |         &String::from_str(&env, "Merchant"),
433 | |         &String::from_str(&env, "USDC"),
434 | |         &None,
435 | |         &None,
436 | |     );
    | |_____- argument #6 of type `&core::option::Option<FeeConfig>` is missing
    |
note: method defined here
   --> fluxapay/src/merchant_registry.rs:91:12
    |
 91 |     pub fn register_merchant(
    |            ^^^^^^^^^^^^^^^^^
...
 98 |         fee_config: Option<FeeConfig>,
    |         -----------------------------
help: provide the argument
    |
430 |     client.register_merchant(
...
435 |         &None,
436 ~         /* &core::option::Option<FeeConfig> */,
437 ~     );
    |

error[E0061]: this method takes 6 arguments but 5 arguments were supplied
   --> fluxapay/src/merchant_registry_test.rs:460:12
    |
460 |       client.register_merchant(
    |  ____________^^^^^^^^^^^^^^^^^-
461 | |         &merchant_id,
462 | |         &String::from_str(&env, "Merchant"),
463 | |         &String::from_str(&env, "USDC"),
464 | |         &None,
465 | |         &None,
466 | |     );
    | |_____- argument #6 of type `&core::option::Option<FeeConfig>` is missing
    |
note: method defined here
   --> fluxapay/src/merchant_registry.rs:91:12
    |
 91 |     pub fn register_merchant(
    |            ^^^^^^^^^^^^^^^^^
...
 98 |         fee_config: Option<FeeConfig>,
    |         -----------------------------
help: provide the argument
    |
460 |     client.register_merchant(
...
465 |         &None,
466 ~         /* &core::option::Option<FeeConfig> */,
467 ~     );
    |

error[E0061]: this method takes 6 arguments but 5 arguments were supplied
   --> fluxapay/src/merchant_registry_test.rs:498:12
    |
498 |       client.register_merchant(
    |  ____________^^^^^^^^^^^^^^^^^-
499 | |         &merchant_id,
500 | |         &String::from_str(&env, "Merchant"),
501 | |         &String::from_str(&env, "USDC"),
502 | |         &None,
503 | |         &None,
504 | |     );
    | |_____- argument #6 of type `&core::option::Option<FeeConfig>` is missing
    |
note: method defined here
   --> fluxapay/src/merchant_registry.rs:91:12
    |
 91 |     pub fn register_merchant(
    |            ^^^^^^^^^^^^^^^^^
...
 98 |         fee_config: Option<FeeConfig>,
    |         -----------------------------
help: provide the argument
    |
498 |     client.register_merchant(
...
503 |         &None,
504 ~         /* &core::option::Option<FeeConfig> */,
505 ~     );
    |

error[E0061]: this method takes 9 arguments but 8 arguments were supplied
  --> fluxapay/src/payment_link_test.rs:25:21
   |
25 |       let id = client.create_link(
   |  _____________________^^^^^^^^^^^-
26 | |         &merchant,
27 | |         &link_id,
28 | |         &amount,
...  |
33 | |         &false,
34 | |     );
   | |_____- argument #9 of type `&core::option::Option<soroban_sdk::Map<soroban_sdk::String, soroban_sdk::String>>` is missing
   |
note: method defined here
  --> fluxapay/src/payment_link.rs:43:12
   |
43 |     pub fn create_link(
   |            ^^^^^^^^^^^
...
53 |         metadata: Option<Map<String, String>>,
   |         -------------------------------------
help: provide the argument
   |
25 |     let id = client.create_link(
...
33 |         &false,
34 ~         /* &core::option::Option<soroban_sdk::Map<soroban_sdk::String, soroban_sdk::String>> */,
35 ~     );
   |

error[E0061]: this method takes 9 arguments but 8 arguments were supplied
  --> fluxapay/src/payment_link_test.rs:53:12
   |
53 |       client.create_link(
   |  ____________^^^^^^^^^^^-
54 | |         &merchant,
55 | |         &link_id,
56 | |         &Some(amount),
...  |
61 | |         &false,
62 | |     );
   | |_____- argument #9 of type `&core::option::Option<soroban_sdk::Map<soroban_sdk::String, soroban_sdk::String>>` is missing
   |
note: method defined here
  --> fluxapay/src/payment_link.rs:43:12
   |
43 |     pub fn create_link(
   |            ^^^^^^^^^^^
...
53 |         metadata: Option<Map<String, String>>,
   |         -------------------------------------
help: provide the argument
   |
53 |     client.create_link(
...
61 |         &false,
62 ~         /* &core::option::Option<soroban_sdk::Map<soroban_sdk::String, soroban_sdk::String>> */,
63 ~     );
   |

error[E0061]: this method takes 9 arguments but 8 arguments were supplied
  --> fluxapay/src/payment_link_test.rs:80:12
   |
80 |       client.create_link(
   |  ____________^^^^^^^^^^^-
81 | |         &merchant,
82 | |         &link_id,
83 | |         &Some(1000i128),
...  |
88 | |         &false,
89 | |     );
   | |_____- argument #9 of type `&core::option::Option<soroban_sdk::Map<soroban_sdk::String, soroban_sdk::String>>` is missing
   |
note: method defined here
  --> fluxapay/src/payment_link.rs:43:12
   |
43 |     pub fn create_link(
   |            ^^^^^^^^^^^
...
53 |         metadata: Option<Map<String, String>>,
   |         -------------------------------------
help: provide the argument
   |
80 |     client.create_link(
...
88 |         &false,
89 ~         /* &core::option::Option<soroban_sdk::Map<soroban_sdk::String, soroban_sdk::String>> */,
90 ~     );
   |

error[E0061]: this method takes 9 arguments but 8 arguments were supplied
   --> fluxapay/src/payment_link_test.rs:102:12
    |
102 |       client.create_link(
    |  ____________^^^^^^^^^^^-
103 | |         &merchant,
104 | |         &link_id,
105 | |         &None,
...   |
110 | |         &false,
111 | |     );
    | |_____- argument #9 of type `&core::option::Option<soroban_sdk::Map<soroban_sdk::String, soroban_sdk::String>>` is missing
    |
note: method defined here
   --> fluxapay/src/payment_link.rs:43:12
    |
 43 |     pub fn create_link(
    |            ^^^^^^^^^^^
...
 53 |         metadata: Option<Map<String, String>>,
    |         -------------------------------------
help: provide the argument
    |
102 |     client.create_link(
...
110 |         &false,
111 ~         /* &core::option::Option<soroban_sdk::Map<soroban_sdk::String, soroban_sdk::String>> */,
112 ~     );
    |

error[E0061]: this method takes 9 arguments but 8 arguments were supplied
   --> fluxapay/src/payment_link_test.rs:125:12
    |
125 |       client.create_link(
    |  ____________^^^^^^^^^^^-
126 | |         &merchant,
127 | |         &link_id,
128 | |         &None,
...   |
133 | |         &false,
134 | |     );
    | |_____- argument #9 of type `&core::option::Option<soroban_sdk::Map<soroban_sdk::String, soroban_sdk::String>>` is missing
    |
note: method defined here
   --> fluxapay/src/payment_link.rs:43:12
    |
 43 |     pub fn create_link(
    |            ^^^^^^^^^^^
...
 53 |         metadata: Option<Map<String, String>>,
    |         -------------------------------------
help: provide the argument
    |
125 |     client.create_link(
...
133 |         &false,
134 ~         /* &core::option::Option<soroban_sdk::Map<soroban_sdk::String, soroban_sdk::String>> */,
135 ~     );
    |

error[E0061]: this method takes 9 arguments but 8 arguments were supplied
   --> fluxapay/src/payment_link_test.rs:151:12
    |
151 |       client.create_link(
    |  ____________^^^^^^^^^^^-
152 | |         &merchant,
153 | |         &link_id,
154 | |         &None,
...   |
159 | |         &false,
160 | |     );
    | |_____- argument #9 of type `&core::option::Option<soroban_sdk::Map<soroban_sdk::String, soroban_sdk::String>>` is missing
    |
note: method defined here
   --> fluxapay/src/payment_link.rs:43:12
    |
 43 |     pub fn create_link(
    |            ^^^^^^^^^^^
...
 53 |         metadata: Option<Map<String, String>>,
    |         -------------------------------------
help: provide the argument
    |
151 |     client.create_link(
...
159 |         &false,
160 ~         /* &core::option::Option<soroban_sdk::Map<soroban_sdk::String, soroban_sdk::String>> */,
161 ~     );
    |

error[E0061]: this method takes 9 arguments but 8 arguments were supplied
   --> fluxapay/src/payment_link_test.rs:175:12
    |
175 |       client.create_link(
    |  ____________^^^^^^^^^^^-
176 | |         &merchant,
177 | |         &link_id,
178 | |         &None,
...   |
183 | |         &false,
184 | |     );
    | |_____- argument #9 of type `&core::option::Option<soroban_sdk::Map<soroban_sdk::String, soroban_sdk::String>>` is missing
    |
note: method defined here
   --> fluxapay/src/payment_link.rs:43:12
    |
 43 |     pub fn create_link(
    |            ^^^^^^^^^^^
...
 53 |         metadata: Option<Map<String, String>>,
    |         -------------------------------------
help: provide the argument
    |
175 |     client.create_link(
...
183 |         &false,
184 ~         /* &core::option::Option<soroban_sdk::Map<soroban_sdk::String, soroban_sdk::String>> */,
185 ~     );
    |

error[E0061]: this method takes 9 arguments but 8 arguments were supplied
   --> fluxapay/src/payment_link_test.rs:212:12
    |
212 |       client.create_link(
    |  ____________^^^^^^^^^^^-
213 | |         &merchant,
214 | |         &link_id,
215 | |         &Some(amount),
...   |
220 | |         &true, // direct_transfer = true
221 | |     );
    | |_____- argument #9 of type `&core::option::Option<soroban_sdk::Map<soroban_sdk::String, soroban_sdk::String>>` is missing
    |
note: method defined here
   --> fluxapay/src/payment_link.rs:43:12
    |
 43 |     pub fn create_link(
    |            ^^^^^^^^^^^
...
 53 |         metadata: Option<Map<String, String>>,
    |         -------------------------------------
help: provide the argument
    |
212 ~     client.create_link(
213 +         &merchant,
214 +         &link_id,
215 +         &Some(amount),
216 +         &Symbol::new(&env, "USDC"),
217 +         &String::from_str(&env, "Direct"),
218 +         &None,
219 +         &None,
220 +         &true,
221 +         /* &core::option::Option<soroban_sdk::Map<soroban_sdk::String, soroban_sdk::String>> */,
222 ~     );
    |

error[E0061]: this method takes 9 arguments but 8 arguments were supplied
   --> fluxapay/src/payment_link_test.rs:245:12
    |
245 |       client.create_link(
    |  ____________^^^^^^^^^^^-
246 | |         &merchant,
247 | |         &link_id,
248 | |         &Some(500i128),
...   |
253 | |         &true,
254 | |     );
    | |_____- argument #9 of type `&core::option::Option<soroban_sdk::Map<soroban_sdk::String, soroban_sdk::String>>` is missing
    |
note: method defined here
   --> fluxapay/src/payment_link.rs:43:12
    |
 43 |     pub fn create_link(
    |            ^^^^^^^^^^^
...
 53 |         metadata: Option<Map<String, String>>,
    |         -------------------------------------
help: provide the argument
    |
245 |     client.create_link(
...
253 |         &true,
254 ~         /* &core::option::Option<soroban_sdk::Map<soroban_sdk::String, soroban_sdk::String>> */,
255 ~     );
    |

error[E0599]: no method named `create_stream` found for struct `PaymentProcessorClient<'a>` in the current scope
   --> fluxapay/src/test.rs:140:23
    |
140 |     assert_eq!(client.create_stream(&sender, &stream_id1, &recipient, &100i128), Ok(()));
    |                       ^^^^^^^^^^^^^ method not found in `PaymentProcessorClient<'_>`
    |
   ::: fluxapay/src/lib.rs:30:1
    |
 30 | #[contract]
    | ----------- method `create_stream` not found for this struct

error[E0599]: no method named `create_stream` found for struct `PaymentProcessorClient<'a>` in the current scope
   --> fluxapay/src/test.rs:141:23
    |
141 |     assert_eq!(client.create_stream(&sender, &stream_id2, &recipient, &200i128), Ok(()));
    |                       ^^^^^^^^^^^^^ method not found in `PaymentProcessorClient<'_>`
    |
   ::: fluxapay/src/lib.rs:30:1
    |
 30 | #[contract]
    | ----------- method `create_stream` not found for this struct

error[E0599]: no method named `cancel_multiple_streams` found for struct `PaymentProcessorClient<'a>` in the current scope
   --> fluxapay/src/test.rs:144:28
    |
144 |     let cancelled = client.cancel_multiple_streams(&sender, &stream_ids).unwrap();
    |                            ^^^^^^^^^^^^^^^^^^^^^^^ method not found in `PaymentProcessorClient<'_>`
    |
   ::: fluxapay/src/lib.rs:30:1
    |
 30 | #[contract]
    | ----------- method `cancel_multiple_streams` not found for this struct

error[E0599]: no method named `get_stream` found for struct `PaymentProcessorClient<'a>` in the current scope
   --> fluxapay/src/test.rs:147:26
    |
147 |     let stream1 = client.get_stream(&stream_id1).unwrap();
    |                          ^^^^^^^^^^ method not found in `PaymentProcessorClient<'_>`
    |
   ::: fluxapay/src/lib.rs:30:1
    |
 30 | #[contract]
    | ----------- method `get_stream` not found for this struct

error[E0599]: no method named `get_stream` found for struct `PaymentProcessorClient<'a>` in the current scope
   --> fluxapay/src/test.rs:148:26
    |
148 |     let stream2 = client.get_stream(&stream_id2).unwrap();
    |                          ^^^^^^^^^^ method not found in `PaymentProcessorClient<'_>`
    |
   ::: fluxapay/src/lib.rs:30:1
    |
 30 | #[contract]
    | ----------- method `get_stream` not found for this struct

error[E0599]: no method named `create_stream` found for struct `PaymentProcessorClient<'a>` in the current scope
   --> fluxapay/src/test.rs:166:23
    |
166 |     assert_eq!(client.create_stream(&sender, &stream_id1, &recipient, &100i128), Ok(()));
    |                       ^^^^^^^^^^^^^ method not found in `PaymentProcessorClient<'_>`
    |
   ::: fluxapay/src/lib.rs:30:1
    |
 30 | #[contract]
    | ----------- method `create_stream` not found for this struct

error[E0599]: no method named `create_stream` found for struct `PaymentProcessorClient<'a>` in the current scope
   --> fluxapay/src/test.rs:167:23
    |
167 |     assert_eq!(client.create_stream(&sender, &stream_id2, &recipient, &200i128), Ok(()));
    |                       ^^^^^^^^^^^^^ method not found in `PaymentProcessorClient<'_>`
    |
   ::: fluxapay/src/lib.rs:30:1
    |
 30 | #[contract]
    | ----------- method `create_stream` not found for this struct

error[E0599]: no method named `batch_withdraw_to` found for struct `PaymentProcessorClient<'a>` in the current scope
   --> fluxapay/src/test.rs:181:26
    |
181 |     let success = client.batch_withdraw_to(&recipient, &withdrawals).unwrap();
    |                          ^^^^^^^^^^^^^^^^^ method not found in `PaymentProcessorClient<'_>`
    |
   ::: fluxapay/src/lib.rs:30:1
    |
 30 | #[contract]
    | ----------- method `batch_withdraw_to` not found for this struct

error[E0599]: no method named `get_stream` found for struct `PaymentProcessorClient<'a>` in the current scope
   --> fluxapay/src/test.rs:184:26
    |
184 |     let stream1 = client.get_stream(&stream_id1).unwrap();
    |                          ^^^^^^^^^^ method not found in `PaymentProcessorClient<'_>`
    |
   ::: fluxapay/src/lib.rs:30:1
    |
 30 | #[contract]
    | ----------- method `get_stream` not found for this struct

error[E0599]: no method named `get_stream` found for struct `PaymentProcessorClient<'a>` in the current scope
   --> fluxapay/src/test.rs:185:26
    |
185 |     let stream2 = client.get_stream(&stream_id2).unwrap();
    |                          ^^^^^^^^^^ method not found in `PaymentProcessorClient<'_>`
    |
   ::: fluxapay/src/lib.rs:30:1
    |
 30 | #[contract]
    | ----------- method `get_stream` not found for this struct

warning: unused variable: `amount_out_min`
  --> fluxapay/src/dex_router.rs:42:9
   |
42 |         amount_out_min: i128,
   |         ^^^^^^^^^^^^^^ help: if this is intentional, prefix it with an underscore: `_amount_out_min`
   |
   = note: `#[warn(unused_variables)]` (part of `#[warn(unused)]`) on by default

warning: unused variable: `to`
  --> fluxapay/src/dex_router.rs:44:9
   |
44 |         to: Address,
   |         ^^ help: if this is intentional, prefix it with an underscore: `_to`

warning: unused variable: `deadline`
  --> fluxapay/src/dex_router.rs:45:9
   |
45 |         deadline: u64,
   |         ^^^^^^^^ help: if this is intentional, prefix it with an underscore: `_deadline`

warning: unused variable: `amount_in_max`
  --> fluxapay/src/dex_router.rs:74:9
   |
74 |         amount_in_max: i128,
   |         ^^^^^^^^^^^^^ help: if this is intentional, prefix it with an underscore: `_amount_in_max`

warning: unused variable: `to`
  --> fluxapay/src/dex_router.rs:76:9
   |
76 |         to: Address,
   |         ^^ help: if this is intentional, prefix it with an underscore: `_to`

warning: unused variable: `deadline`
  --> fluxapay/src/dex_router.rs:77:9
   |
77 |         deadline: u64,
   |         ^^^^^^^^ help: if this is intentional, prefix it with an underscore: `_deadline`

warning: variable does not need to be mutable
    --> fluxapay/src/lib.rs:1278:13
     |
1278 |         let mut processed_count = 0u32;
     |             ----^^^^^^^^^^^^^^^
     |             |
     |             help: remove this `mut`
     |
     = note: `#[warn(unused_mut)]` (part of `#[warn(unused)]`) on by default

warning: unused variable: `now`
    --> fluxapay/src/lib.rs:1277:13
     |
1277 |         let now = env.ledger().timestamp();
     |             ^^^ help: if this is intentional, prefix it with an underscore: `_now`

warning: unused variable: `env`
  --> fluxapay/src/test.rs:12:9
   |
12 |     let env = Env::default();
   |         ^^^ help: if this is intentional, prefix it with an underscore: `_env`

warning: unused variable: `expires_at`
  --> fluxapay/src/test.rs:87:9
   |
87 |     let expires_at = env.ledger().timestamp() + 3600;
   |         ^^^^^^^^^^ help: if this is intentional, prefix it with an underscore: `_expires_at`

warning: unused variable: `currency`
   --> fluxapay/src/test.rs:112:9
    |
112 |     let currency = Symbol::new(&env, "USDC");
    |         ^^^^^^^^ help: if this is intentional, prefix it with an underscore: `_currency`

warning: unused variable: `deposit_address`
   --> fluxapay/src/test.rs:113:9
    |
113 |     let deposit_address = Address::generate(&env);
    |         ^^^^^^^^^^^^^^^ help: if this is intentional, prefix it with an underscore: `_deposit_address`

warning: unused variable: `expires_at`
   --> fluxapay/src/test.rs:114:9
    |
114 |     let expires_at = env.ledger().timestamp() + 3600;
    |         ^^^^^^^^^^ help: if this is intentional, prefix it with an underscore: `_expires_at`

warning: unused variable: `currency`
   --> fluxapay/src/test.rs:329:9
    |
329 |     let currency = Symbol::new(&env, "USDC");
    |         ^^^^^^^^ help: if this is intentional, prefix it with an underscore: `_currency`

warning: unused variable: `deposit_address`
   --> fluxapay/src/test.rs:330:9
    |
330 |     let deposit_address = Address::generate(&env);
    |         ^^^^^^^^^^^^^^^ help: if this is intentional, prefix it with an underscore: `_deposit_address`

warning: unused variable: `expires_at`
   --> fluxapay/src/test.rs:331:9
    |
331 |     let expires_at = env.ledger().timestamp() + 3600;
    |         ^^^^^^^^^^ help: if this is intentional, prefix it with an underscore: `_expires_at`

warning: unused variable: `currency`
   --> fluxapay/src/test.rs:670:9
    |
670 |     let currency = Symbol::new(&env, "USDC");
    |         ^^^^^^^^ help: if this is intentional, prefix it with an underscore: `_currency`

warning: unused variable: `deposit_address`
   --> fluxapay/src/test.rs:671:9
    |
671 |     let deposit_address = Address::generate(&env);
    |         ^^^^^^^^^^^^^^^ help: if this is intentional, prefix it with an underscore: `_deposit_address`

warning: unused variable: `expires_at`
   --> fluxapay/src/test.rs:672:9
    |
672 |     let expires_at = env.ledger().timestamp() + 3600;
    |         ^^^^^^^^^^ help: if this is intentional, prefix it with an underscore: `_expires_at`

Some errors have detailed explanations: E0061, E0277, E0428, E0599.
For more information about an error, try `rustc --explain E0061`.
warning: `fluxapay` (lib test) generated 23 warnings
error: could not compile `fluxapay` (lib test) due to 41 previous errors; 23 warnings emitted
